2026-04-21 09:43:35 [ERROR]: uncaughtException: listen EADDRINUSE: address already in use :::5000
Error: listen EADDRINUSE: address already in use :::5000
    at Server.setupListenHandle [as _listen2] (node:net:1940:16)
    at listenInCluster (node:net:1997:12)
    at Server.listen (node:net:2102:7)
    at startServer (C:\Users\asus\OneDrive\Desktop\WalMart\backend\src\server.js:39:10)
    at process.processTicksAndRejections (node:internal/process/task_queues:103:5)
Error: listen EADDRINUSE: address already in use :::5000
    at Server.setupListenHandle [as _listen2] (node:net:1940:16)
    at listenInCluster (node:net:1997:12)
    at Server.listen (node:net:2102:7)
    at startServer (C:\Users\asus\OneDrive\Desktop\WalMart\backend\src\server.js:39:10)
    at process.processTicksAndRejections (node:internal/process/task_queues:103:5) {"error":{"code":"EADDRINUSE","errno":-4091,"syscall":"listen","address":"::","port":5000},"exception":true,"date":"Tue Apr 21 2026 09:43:35 GMT+0530 (India Standard Time)","process":{"pid":10084,"uid":null,"gid":null,"cwd":"C:\\Users\\asus\\OneDrive\\Desktop\\WalMart\\backend","execPath":"C:\\Program Files\\nodejs\\node.exe","version":"v24.12.0","argv":["C:\\Program Files\\nodejs\\node.exe","C:\\Users\\asus\\OneDrive\\Desktop\\WalMart\\backend\\src\\server.js"],"memoryUsage":{"rss":133939200,"heapTotal":112168960,"heapUsed":48606240,"external":23755228,"arrayBuffers":20007309}},"os":{"loadavg":[0,0,0],"uptime":146899.89},"trace":[{"column":16,"file":"node:net","function":"Server.setupListenHandle [as _listen2]","line":1940,"method":"setupListenHandle [as _listen2]","native":false},{"column":12,"file":"node:net","function":"listenInCluster","line":1997,"method":null,"native":false},{"column":7,"file":"node:net","function":"Server.listen","line":2102,"method":"listen","native":false},{"column":10,"file":"C:\\Users\\asus\\OneDrive\\Desktop\\WalMart\\backend\\src\\server.js","function":"startServer","line":39,"method":null,"native":false},{"column":5,"file":"node:internal/process/task_queues","function":"process.processTicksAndRejections","line":103,"method":"processTicksAndRejections","native":false}],"service":"walmart-api"}
2026-04-21 09:44:02 [ERROR]: uncaughtException: listen EADDRINUSE: address already in use :::5000
Error: listen EADDRINUSE: address already in use :::5000
    at Server.setupListenHandle [as _listen2] (node:net:1940:16)
    at listenInCluster (node:net:1997:12)
    at Server.listen (node:net:2102:7)
    at startServer (C:\Users\asus\OneDrive\Desktop\WalMart\backend\src\server.js:39:10)
    at process.processTicksAndRejections (node:internal/process/task_queues:103:5)
Error: listen EADDRINUSE: address already in use :::5000
    at Server.setupListenHandle [as _listen2] (node:net:1940:16)
    at listenInCluster (node:net:1997:12)
    at Server.listen (node:net:2102:7)
    at startServer (C:\Users\asus\OneDrive\Desktop\WalMart\backend\src\server.js:39:10)
    at process.processTicksAndRejections (node:internal/process/task_queues:103:5) {"error":{"code":"EADDRINUSE","errno":-4091,"syscall":"listen","address":"::","port":5000},"exception":true,"date":"Tue Apr 21 2026 09:44:02 GMT+0530 (India Standard Time)","process":{"pid":13960,"uid":null,"gid":null,"cwd":"C:\\Users\\asus\\OneDrive\\Desktop\\WalMart\\backend","execPath":"C:\\Program Files\\nodejs\\node.exe","version":"v24.12.0","argv":["C:\\Program Files\\nodejs\\node.exe","C:\\Users\\asus\\OneDrive\\Desktop\\WalMart\\backend\\src\\server.js"],"memoryUsage":{"rss":133279744,"heapTotal":111906816,"heapUsed":48554592,"external":23754641,"arrayBuffers":20006722}},"os":{"loadavg":[0,0,0],"uptime":146926.984},"trace":[{"column":16,"file":"node:net","function":"Server.setupListenHandle [as _listen2]","line":1940,"method":"setupListenHandle [as _listen2]","native":false},{"column":12,"file":"node:net","function":"listenInCluster","line":1997,"method":null,"native":false},{"column":7,"file":"node:net","function":"Server.listen","line":2102,"method":"listen","native":false},{"column":10,"file":"C:\\Users\\asus\\OneDrive\\Desktop\\WalMart\\backend\\src\\server.js","function":"startServer","line":39,"method":null,"native":false},{"column":5,"file":"node:internal/process/task_queues","function":"process.processTicksAndRejections","line":103,"method":"processTicksAndRejections","native":false}],"service":"walmart-api"}
2026-04-21 09:44:10 [ERROR]: uncaughtException: listen EADDRINUSE: address already in use :::5000
Error: listen EADDRINUSE: address already in use :::5000
    at Server.setupListenHandle [as _listen2] (node:net:1940:16)
    at listenInCluster (node:net:1997:12)
    at Server.listen (node:net:2102:7)
    at startServer (C:\Users\asus\OneDrive\Desktop\WalMart\backend\src\server.js:39:10)
    at process.processTicksAndRejections (node:internal/process/task_queues:103:5)
Error: listen EADDRINUSE: address already in use :::5000
    at Server.setupListenHandle [as _listen2] (node:net:1940:16)
    at listenInCluster (node:net:1997:12)
    at Server.listen (node:net:2102:7)
    at startServer (C:\Users\asus\OneDrive\Desktop\WalMart\backend\src\server.js:39:10)
    at process.processTicksAndRejections (node:internal/process/task_queues:103:5) {"error":{"code":"EADDRINUSE","errno":-4091,"syscall":"listen","address":"::","port":5000},"exception":true,"date":"Tue Apr 21 2026 09:44:10 GMT+0530 (India Standard Time)","process":{"pid":20936,"uid":null,"gid":null,"cwd":"C:\\Users\\asus\\OneDrive\\Desktop\\WalMart\\backend","execPath":"C:\\Program Files\\nodejs\\node.exe","version":"v24.12.0","argv":["C:\\Program Files\\nodejs\\node.exe","C:\\Users\\asus\\OneDrive\\Desktop\\WalMart\\backend\\src\\server.js"],"memoryUsage":{"rss":133107712,"heapTotal":111644672,"heapUsed":48503920,"external":23754641,"arrayBuffers":20006722}},"os":{"loadavg":[0,0,0],"uptime":146934.812},"trace":[{"column":16,"file":"node:net","function":"Server.setupListenHandle [as _listen2]","line":1940,"method":"setupListenHandle [as _listen2]","native":false},{"column":12,"file":"node:net","function":"listenInCluster","line":1997,"method":null,"native":false},{"column":7,"file":"node:net","function":"Server.listen","line":2102,"method":"listen","native":false},{"column":10,"file":"C:\\Users\\asus\\OneDrive\\Desktop\\WalMart\\backend\\src\\server.js","function":"startServer","line":39,"method":null,"native":false},{"column":5,"file":"node:internal/process/task_queues","function":"process.processTicksAndRejections","line":103,"method":"processTicksAndRejections","native":false}],"service":"walmart-api"}
2026-04-21 09:44:27 [ERROR]: uncaughtException: listen EADDRINUSE: address already in use :::5000
Error: listen EADDRINUSE: address already in use :::5000
    at Server.setupListenHandle [as _listen2] (node:net:1940:16)
    at listenInCluster (node:net:1997:12)
    at Server.listen (node:net:2102:7)
    at startServer (C:\Users\asus\OneDrive\Desktop\WalMart\backend\src\server.js:39:10)
    at process.processTicksAndRejections (node:internal/process/task_queues:103:5)
Error: listen EADDRINUSE: address already in use :::5000
    at Server.setupListenHandle [as _listen2] (node:net:1940:16)
    at listenInCluster (node:net:1997:12)
    at Server.listen (node:net:2102:7)
    at startServer (C:\Users\asus\OneDrive\Desktop\WalMart\backend\src\server.js:39:10)
    at process.processTicksAndRejections (node:internal/process/task_queues:103:5) {"error":{"code":"EADDRINUSE","errno":-4091,"syscall":"listen","address":"::","port":5000},"exception":true,"date":"Tue Apr 21 2026 09:44:27 GMT+0530 (India Standard Time)","process":{"pid":21604,"uid":null,"gid":null,"cwd":"C:\\Users\\asus\\OneDrive\\Desktop\\WalMart\\backend","execPath":"C:\\Program Files\\nodejs\\node.exe","version":"v24.12.0","argv":["C:\\Program Files\\nodejs\\node.exe","C:\\Users\\asus\\OneDrive\\Desktop\\WalMart\\backend\\src\\server.js"],"memoryUsage":{"rss":133238784,"heapTotal":111906816,"heapUsed":48621904,"external":23755228,"arrayBuffers":20007309}},"os":{"loadavg":[0,0,0],"uptime":146952.125},"trace":[{"column":16,"file":"node:net","function":"Server.setupListenHandle [as _listen2]","line":1940,"method":"setupListenHandle [as _listen2]","native":false},{"column":12,"file":"node:net","function":"listenInCluster","line":1997,"method":null,"native":false},{"column":7,"file":"node:net","function":"Server.listen","line":2102,"method":"listen","native":false},{"column":10,"file":"C:\\Users\\asus\\OneDrive\\Desktop\\WalMart\\backend\\src\\server.js","function":"startServer","line":39,"method":null,"native":false},{"column":5,"file":"node:internal/process/task_queues","function":"process.processTicksAndRejections","line":103,"method":"processTicksAndRejections","native":false}],"service":"walmart-api"}
2026-04-21 09:53:42 [ERROR]: uncaughtException: listen EADDRINUSE: address already in use :::5000
Error: listen EADDRINUSE: address already in use :::5000
    at Server.setupListenHandle [as _listen2] (node:net:1940:16)
    at listenInCluster (node:net:1997:12)
    at Server.listen (node:net:2102:7)
    at startServer (C:\Users\asus\OneDrive\Desktop\WalMart\backend\src\server.js:39:10)
    at process.processTicksAndRejections (node:internal/process/task_queues:103:5)
Error: listen EADDRINUSE: address already in use :::5000
    at Server.setupListenHandle [as _listen2] (node:net:1940:16)
    at listenInCluster (node:net:1997:12)
    at Server.listen (node:net:2102:7)
    at startServer (C:\Users\asus\OneDrive\Desktop\WalMart\backend\src\server.js:39:10)
    at process.processTicksAndRejections (node:internal/process/task_queues:103:5) {"error":{"code":"EADDRINUSE","errno":-4091,"syscall":"listen","address":"::","port":5000},"exception":true,"date":"Tue Apr 21 2026 09:53:42 GMT+0530 (India Standard Time)","process":{"pid":24276,"uid":null,"gid":null,"cwd":"C:\\Users\\asus\\OneDrive\\Desktop\\WalMart\\backend","execPath":"C:\\Program Files\\nodejs\\node.exe","version":"v24.12.0","argv":["C:\\Program Files\\nodejs\\node.exe","C:\\Users\\asus\\OneDrive\\Desktop\\WalMart\\backend\\src\\server.js"],"memoryUsage":{"rss":131792896,"heapTotal":111906816,"heapUsed":48456144,"external":23748390,"arrayBuffers":20004735}},"os":{"loadavg":[0,0,0],"uptime":147507.046},"trace":[{"column":16,"file":"node:net","function":"Server.setupListenHandle [as _listen2]","line":1940,"method":"setupListenHandle [as _listen2]","native":false},{"column":12,"file":"node:net","function":"listenInCluster","line":1997,"method":null,"native":false},{"column":7,"file":"node:net","function":"Server.listen","line":2102,"method":"listen","native":false},{"column":10,"file":"C:\\Users\\asus\\OneDrive\\Desktop\\WalMart\\backend\\src\\server.js","function":"startServer","line":39,"method":null,"native":false},{"column":5,"file":"node:internal/process/task_queues","function":"process.processTicksAndRejections","line":103,"method":"processTicksAndRejections","native":false}],"service":"walmart-api"}
2026-04-21 09:55:14 [ERROR]: uncaughtException: listen EADDRINUSE: address already in use :::5000
Error: listen EADDRINUSE: address already in use :::5000
    at Server.setupListenHandle [as _listen2] (node:net:1940:16)
    at listenInCluster (node:net:1997:12)
    at Server.listen (node:net:2102:7)
    at startServer (C:\Users\asus\OneDrive\Desktop\WalMart\backend\src\server.js:39:10)
    at process.processTicksAndRejections (node:internal/process/task_queues:103:5)
Error: listen EADDRINUSE: address already in use :::5000
    at Server.setupListenHandle [as _listen2] (node:net:1940:16)
    at listenInCluster (node:net:1997:12)
    at Server.listen (node:net:2102:7)
    at startServer (C:\Users\asus\OneDrive\Desktop\WalMart\backend\src\server.js:39:10)
    at process.processTicksAndRejections (node:internal/process/task_queues:103:5) {"error":{"code":"EADDRINUSE","errno":-4091,"syscall":"listen","address":"::","port":5000},"exception":true,"date":"Tue Apr 21 2026 09:55:14 GMT+0530 (India Standard Time)","process":{"pid":21452,"uid":null,"gid":null,"cwd":"C:\\Users\\asus\\OneDrive\\Desktop\\WalMart\\backend","execPath":"C:\\Program Files\\nodejs\\node.exe","version":"v24.12.0","argv":["C:\\Program Files\\nodejs\\node.exe","C:\\Users\\asus\\OneDrive\\Desktop\\WalMart\\backend\\src\\server.js"],"memoryUsage":{"rss":125722624,"heapTotal":112693248,"heapUsed":48616112,"external":23755228,"arrayBuffers":20007309}},"os":{"loadavg":[0,0,0],"uptime":147599.343},"trace":[{"column":16,"file":"node:net","function":"Server.setupListenHandle [as _listen2]","line":1940,"method":"setupListenHandle [as _listen2]","native":false},{"column":12,"file":"node:net","function":"listenInCluster","line":1997,"method":null,"native":false},{"column":7,"file":"node:net","function":"Server.listen","line":2102,"method":"listen","native":false},{"column":10,"file":"C:\\Users\\asus\\OneDrive\\Desktop\\WalMart\\backend\\src\\server.js","function":"startServer","line":39,"method":null,"native":false},{"column":5,"file":"node:internal/process/task_queues","function":"process.processTicksAndRejections","line":103,"method":"processTicksAndRejections","native":false}],"service":"walmart-api"}
2026-04-21 09:55:56 [ERROR]: uncaughtException: listen EADDRINUSE: address already in use :::5000
Error: listen EADDRINUSE: address already in use :::5000
    at Server.setupListenHandle [as _listen2] (node:net:1940:16)
    at listenInCluster (node:net:1997:12)
    at Server.listen (node:net:2102:7)
    at startServer (C:\Users\asus\OneDrive\Desktop\WalMart\backend\src\server.js:39:10)
    at process.processTicksAndRejections (node:internal/process/task_queues:103:5)
Error: listen EADDRINUSE: address already in use :::5000
    at Server.setupListenHandle [as _listen2] (node:net:1940:16)
    at listenInCluster (node:net:1997:12)
    at Server.listen (node:net:2102:7)
    at startServer (C:\Users\asus\OneDrive\Desktop\WalMart\backend\src\server.js:39:10)
    at process.processTicksAndRejections (node:internal/process/task_queues:103:5) {"error":{"code":"EADDRINUSE","errno":-4091,"syscall":"listen","address":"::","port":5000},"exception":true,"date":"Tue Apr 21 2026 09:55:56 GMT+0530 (India Standard Time)","process":{"pid":2924,"uid":null,"gid":null,"cwd":"C:\\Users\\asus\\OneDrive\\Desktop\\WalMart\\backend","execPath":"C:\\Program Files\\nodejs\\node.exe","version":"v24.12.0","argv":["C:\\Program Files\\nodejs\\node.exe","C:\\Users\\asus\\OneDrive\\Desktop\\WalMart\\backend\\src\\server.js"],"memoryUsage":{"rss":131067904,"heapTotal":111906816,"heapUsed":48559736,"external":23754641,"arrayBuffers":20006722}},"os":{"loadavg":[0,0,0],"uptime":147640.796},"trace":[{"column":16,"file":"node:net","function":"Server.setupListenHandle [as _listen2]","line":1940,"method":"setupListenHandle [as _listen2]","native":false},{"column":12,"file":"node:net","function":"listenInCluster","line":1997,"method":null,"native":false},{"column":7,"file":"node:net","function":"Server.listen","line":2102,"method":"listen","native":false},{"column":10,"file":"C:\\Users\\asus\\OneDrive\\Desktop\\WalMart\\backend\\src\\server.js","function":"startServer","line":39,"method":null,"native":false},{"column":5,"file":"node:internal/process/task_queues","function":"process.processTicksAndRejections","line":103,"method":"processTicksAndRejections","native":false}],"service":"walmart-api"}
2026-04-21 10:00:00 [ERROR]: uncaughtException: listen EADDRINUSE: address already in use :::5000
Error: listen EADDRINUSE: address already in use :::5000
    at Server.setupListenHandle [as _listen2] (node:net:1940:16)
    at listenInCluster (node:net:1997:12)
    at Server.listen (node:net:2102:7)
    at startServer (C:\Users\asus\OneDrive\Desktop\WalMart\backend\src\server.js:39:10)
    at process.processTicksAndRejections (node:internal/process/task_queues:103:5)
Error: listen EADDRINUSE: address already in use :::5000
    at Server.setupListenHandle [as _listen2] (node:net:1940:16)
    at listenInCluster (node:net:1997:12)
    at Server.listen (node:net:2102:7)
    at startServer (C:\Users\asus\OneDrive\Desktop\WalMart\backend\src\server.js:39:10)
    at process.processTicksAndRejections (node:internal/process/task_queues:103:5) {"error":{"code":"EADDRINUSE","errno":-4091,"syscall":"listen","address":"::","port":5000},"exception":true,"date":"Tue Apr 21 2026 10:00:00 GMT+0530 (India Standard Time)","process":{"pid":24264,"uid":null,"gid":null,"cwd":"C:\\Users\\asus\\OneDrive\\Desktop\\WalMart\\backend","execPath":"C:\\Program Files\\nodejs\\node.exe","version":"v24.12.0","argv":["C:\\Program Files\\nodejs\\node.exe","C:\\Users\\asus\\OneDrive\\Desktop\\WalMart\\backend\\src\\server.js"],"memoryUsage":{"rss":136216576,"heapTotal":111906816,"heapUsed":48600456,"external":23755228,"arrayBuffers":20007309}},"os":{"loadavg":[0,0,0],"uptime":147885.078},"trace":[{"column":16,"file":"node:net","function":"Server.setupListenHandle [as _listen2]","line":1940,"method":"setupListenHandle [as _listen2]","native":false},{"column":12,"file":"node:net","function":"listenInCluster","line":1997,"method":null,"native":false},{"column":7,"file":"node:net","function":"Server.listen","line":2102,"method":"listen","native":false},{"column":10,"file":"C:\\Users\\asus\\OneDrive\\Desktop\\WalMart\\backend\\src\\server.js","function":"startServer","line":39,"method":null,"native":false},{"column":5,"file":"node:internal/process/task_queues","function":"process.processTicksAndRejections","line":103,"method":"processTicksAndRejections","native":false}],"service":"walmart-api"}
2026-04-21 18:10:54 [ERROR]: uncaughtException: listen EADDRINUSE: address already in use :::5000
Error: listen EADDRINUSE: address already in use :::5000
    at Server.setupListenHandle [as _listen2] (node:net:1940:16)
    at listenInCluster (node:net:1997:12)
    at Server.listen (node:net:2102:7)
    at startServer (C:\Users\asus\OneDrive\Desktop\WalMart\backend\src\server.js:39:10)
    at process.processTicksAndRejections (node:internal/process/task_queues:103:5)
Error: listen EADDRINUSE: address already in use :::5000
    at Server.setupListenHandle [as _listen2] (node:net:1940:16)
    at listenInCluster (node:net:1997:12)
    at Server.listen (node:net:2102:7)
    at startServer (C:\Users\asus\OneDrive\Desktop\WalMart\backend\src\server.js:39:10)
    at process.processTicksAndRejections (node:internal/process/task_queues:103:5) {"error":{"code":"EADDRINUSE","errno":-4091,"syscall":"listen","address":"::","port":5000},"exception":true,"date":"Tue Apr 21 2026 18:10:54 GMT+0530 (India Standard Time)","process":{"pid":17360,"uid":null,"gid":null,"cwd":"C:\\Users\\asus\\OneDrive\\Desktop\\WalMart\\backend","execPath":"C:\\Program Files\\nodejs\\node.exe","version":"v24.12.0","argv":["C:\\Program Files\\nodejs\\node.exe","C:\\Users\\asus\\OneDrive\\Desktop\\WalMart\\backend\\src\\server.js"],"memoryUsage":{"rss":125448192,"heapTotal":112431104,"heapUsed":48637424,"external":23763420,"arrayBuffers":20015501}},"os":{"loadavg":[0,0,0],"uptime":25219.828},"trace":[{"column":16,"file":"node:net","function":"Server.setupListenHandle [as _listen2]","line":1940,"method":"setupListenHandle [as _listen2]","native":false},{"column":12,"file":"node:net","function":"listenInCluster","line":1997,"method":null,"native":false},{"column":7,"file":"node:net","function":"Server.listen","line":2102,"method":"listen","native":false},{"column":10,"file":"C:\\Users\\asus\\OneDrive\\Desktop\\WalMart\\backend\\src\\server.js","function":"startServer","line":39,"method":null,"native":false},{"column":5,"file":"node:internal/process/task_queues","function":"process.processTicksAndRejections","line":103,"method":"processTicksAndRejections","native":false}],"service":"walmart-api"}
2026-04-21 18:13:16 [ERROR]: uncaughtException: listen EADDRINUSE: address already in use :::5000
Error: listen EADDRINUSE: address already in use :::5000
    at Server.setupListenHandle [as _listen2] (node:net:1940:16)
    at listenInCluster (node:net:1997:12)
    at Server.listen (node:net:2102:7)
    at startServer (C:\Users\asus\OneDrive\Desktop\WalMart\backend\src\server.js:39:10)
    at process.processTicksAndRejections (node:internal/process/task_queues:103:5)
Error: listen EADDRINUSE: address already in use :::5000
    at Server.setupListenHandle [as _listen2] (node:net:1940:16)
    at listenInCluster (node:net:1997:12)
    at Server.listen (node:net:2102:7)
    at startServer (C:\Users\asus\OneDrive\Desktop\WalMart\backend\src\server.js:39:10)
    at process.processTicksAndRejections (node:internal/process/task_queues:103:5) {"error":{"code":"EADDRINUSE","errno":-4091,"syscall":"listen","address":"::","port":5000},"exception":true,"date":"Tue Apr 21 2026 18:13:16 GMT+0530 (India Standard Time)","process":{"pid":12212,"uid":null,"gid":null,"cwd":"C:\\Users\\asus\\OneDrive\\Desktop\\WalMart\\backend","execPath":"C:\\Program Files\\nodejs\\node.exe","version":"v24.12.0","argv":["C:\\Program Files\\nodejs\\node.exe","C:\\Users\\asus\\OneDrive\\Desktop\\WalMart\\backend\\src\\server.js"],"memoryUsage":{"rss":132608000,"heapTotal":111644672,"heapUsed":48663208,"external":23755228,"arrayBuffers":20007309}},"os":{"loadavg":[0,0,0],"uptime":25362.531},"trace":[{"column":16,"file":"node:net","function":"Server.setupListenHandle [as _listen2]","line":1940,"method":"setupListenHandle [as _listen2]","native":false},{"column":12,"file":"node:net","function":"listenInCluster","line":1997,"method":null,"native":false},{"column":7,"file":"node:net","function":"Server.listen","line":2102,"method":"listen","native":false},{"column":10,"file":"C:\\Users\\asus\\OneDrive\\Desktop\\WalMart\\backend\\src\\server.js","function":"startServer","line":39,"method":null,"native":false},{"column":5,"file":"node:internal/process/task_queues","function":"process.processTicksAndRejections","line":103,"method":"processTicksAndRejections","native":false}],"service":"walmart-api"}
2026-04-21 18:38:35 [ERROR]: uncaughtException: listen EADDRINUSE: address already in use :::5000
Error: listen EADDRINUSE: address already in use :::5000
    at Server.setupListenHandle [as _listen2] (node:net:1940:16)
    at listenInCluster (node:net:1997:12)
    at Server.listen (node:net:2102:7)
    at startServer (C:\Users\asus\OneDrive\Desktop\WalMart\backend\src\server.js:39:10)
    at process.processTicksAndRejections (node:internal/process/task_queues:103:5)
Error: listen EADDRINUSE: address already in use :::5000
    at Server.setupListenHandle [as _listen2] (node:net:1940:16)
    at listenInCluster (node:net:1997:12)
    at Server.listen (node:net:2102:7)
    at startServer (C:\Users\asus\OneDrive\Desktop\WalMart\backend\src\server.js:39:10)
    at process.processTicksAndRejections (node:internal/process/task_queues:103:5) {"error":{"code":"EADDRINUSE","errno":-4091,"syscall":"listen","address":"::","port":5000},"exception":true,"date":"Tue Apr 21 2026 18:38:35 GMT+0530 (India Standard Time)","process":{"pid":16748,"uid":null,"gid":null,"cwd":"C:\\Users\\asus\\OneDrive\\Desktop\\WalMart\\backend","execPath":"C:\\Program Files\\nodejs\\node.exe","version":"v24.12.0","argv":["C:\\Program Files\\nodejs\\node.exe","C:\\Users\\asus\\OneDrive\\Desktop\\WalMart\\backend\\src\\server.js"],"memoryUsage":{"rss":123932672,"heapTotal":107859968,"heapUsed":46601704,"external":23726903,"arrayBuffers":20000872}},"os":{"loadavg":[0,0,0],"uptime":26881.39},"trace":[{"column":16,"file":"node:net","function":"Server.setupListenHandle [as _listen2]","line":1940,"method":"setupListenHandle [as _listen2]","native":false},{"column":12,"file":"node:net","function":"listenInCluster","line":1997,"method":null,"native":false},{"column":7,"file":"node:net","function":"Server.listen","line":2102,"method":"listen","native":false},{"column":10,"file":"C:\\Users\\asus\\OneDrive\\Desktop\\WalMart\\backend\\src\\server.js","function":"startServer","line":39,"method":null,"native":false},{"column":5,"file":"node:internal/process/task_queues","function":"process.processTicksAndRejections","line":103,"method":"processTicksAndRejections","native":false}],"service":"walmart-api"}
2026-04-21 18:38:45 [ERROR]: uncaughtException: listen EADDRINUSE: address already in use :::5000
Error: listen EADDRINUSE: address already in use :::5000
    at Server.setupListenHandle [as _listen2] (node:net:1940:16)
    at listenInCluster (node:net:1997:12)
    at Server.listen (node:net:2102:7)
    at startServer (C:\Users\asus\OneDrive\Desktop\WalMart\backend\src\server.js:39:10)
    at process.processTicksAndRejections (node:internal/process/task_queues:103:5)
Error: listen EADDRINUSE: address already in use :::5000
    at Server.setupListenHandle [as _listen2] (node:net:1940:16)
    at listenInCluster (node:net:1997:12)
    at Server.listen (node:net:2102:7)
    at startServer (C:\Users\asus\OneDrive\Desktop\WalMart\backend\src\server.js:39:10)
    at process.processTicksAndRejections (node:internal/process/task_queues:103:5) {"error":{"code":"EADDRINUSE","errno":-4091,"syscall":"listen","address":"::","port":5000},"exception":true,"date":"Tue Apr 21 2026 18:38:45 GMT+0530 (India Standard Time)","process":{"pid":21884,"uid":null,"gid":null,"cwd":"C:\\Users\\asus\\OneDrive\\Desktop\\WalMart\\backend","execPath":"C:\\Program Files\\nodejs\\node.exe","version":"v24.12.0","argv":["C:\\Program Files\\nodejs\\node.exe","C:\\Users\\asus\\OneDrive\\Desktop\\WalMart\\backend\\src\\server.js"],"memoryUsage":{"rss":131944448,"heapTotal":111906816,"heapUsed":48615760,"external":23755228,"arrayBuffers":20007309}},"os":{"loadavg":[0,0,0],"uptime":26891.765},"trace":[{"column":16,"file":"node:net","function":"Server.setupListenHandle [as _listen2]","line":1940,"method":"setupListenHandle [as _listen2]","native":false},{"column":12,"file":"node:net","function":"listenInCluster","line":1997,"method":null,"native":false},{"column":7,"file":"node:net","function":"Server.listen","line":2102,"method":"listen","native":false},{"column":10,"file":"C:\\Users\\asus\\OneDrive\\Desktop\\WalMart\\backend\\src\\server.js","function":"startServer","line":39,"method":null,"native":false},{"column":5,"file":"node:internal/process/task_queues","function":"process.processTicksAndRejections","line":103,"method":"processTicksAndRejections","native":false}],"service":"walmart-api"}
2026-04-21 18:38:59 [ERROR]: uncaughtException: listen EADDRINUSE: address already in use :::5000
Error: listen EADDRINUSE: address already in use :::5000
    at Server.setupListenHandle [as _listen2] (node:net:1940:16)
    at listenInCluster (node:net:1997:12)
    at Server.listen (node:net:2102:7)
    at startServer (C:\Users\asus\OneDrive\Desktop\WalMart\backend\src\server.js:39:10)
    at process.processTicksAndRejections (node:internal/process/task_queues:103:5)
Error: listen EADDRINUSE: address already in use :::5000
    at Server.setupListenHandle [as _listen2] (node:net:1940:16)
    at listenInCluster (node:net:1997:12)
    at Server.listen (node:net:2102:7)
    at startServer (C:\Users\asus\OneDrive\Desktop\WalMart\backend\src\server.js:39:10)
    at process.processTicksAndRejections (node:internal/process/task_queues:103:5) {"error":{"code":"EADDRINUSE","errno":-4091,"syscall":"listen","address":"::","port":5000},"exception":true,"date":"Tue Apr 21 2026 18:38:59 GMT+0530 (India Standard Time)","process":{"pid":16304,"uid":null,"gid":null,"cwd":"C:\\Users\\asus\\OneDrive\\Desktop\\WalMart\\backend","execPath":"C:\\Program Files\\nodejs\\node.exe","version":"v24.12.0","argv":["C:\\Program Files\\nodejs\\node.exe","C:\\Users\\asus\\OneDrive\\Desktop\\WalMart\\backend\\src\\server.js"],"memoryUsage":{"rss":131330048,"heapTotal":111644672,"heapUsed":48627152,"external":23755228,"arrayBuffers":20007309}},"os":{"loadavg":[0,0,0],"uptime":26905.375},"trace":[{"column":16,"file":"node:net","function":"Server.setupListenHandle [as _listen2]","line":1940,"method":"setupListenHandle [as _listen2]","native":false},{"column":12,"file":"node:net","function":"listenInCluster","line":1997,"method":null,"native":false},{"column":7,"file":"node:net","function":"Server.listen","line":2102,"method":"listen","native":false},{"column":10,"file":"C:\\Users\\asus\\OneDrive\\Desktop\\WalMart\\backend\\src\\server.js","function":"startServer","line":39,"method":null,"native":false},{"column":5,"file":"node:internal/process/task_queues","function":"process.processTicksAndRejections","line":103,"method":"processTicksAndRejections","native":false}],"service":"walmart-api"}
2026-04-21 18:39:11 [ERROR]: uncaughtException: listen EADDRINUSE: address already in use :::5000
Error: listen EADDRINUSE: address already in use :::5000
    at Server.setupListenHandle [as _listen2] (node:net:1940:16)
    at listenInCluster (node:net:1997:12)
    at Server.listen (node:net:2102:7)
    at startServer (C:\Users\asus\OneDrive\Desktop\WalMart\backend\src\server.js:39:10)
    at process.processTicksAndRejections (node:internal/process/task_queues:103:5)
Error: listen EADDRINUSE: address already in use :::5000
    at Server.setupListenHandle [as _listen2] (node:net:1940:16)
    at listenInCluster (node:net:1997:12)
    at Server.listen (node:net:2102:7)
    at startServer (C:\Users\asus\OneDrive\Desktop\WalMart\backend\src\server.js:39:10)
    at process.processTicksAndRejections (node:internal/process/task_queues:103:5) {"error":{"code":"EADDRINUSE","errno":-4091,"syscall":"listen","address":"::","port":5000},"exception":true,"date":"Tue Apr 21 2026 18:39:11 GMT+0530 (India Standard Time)","process":{"pid":4676,"uid":null,"gid":null,"cwd":"C:\\Users\\asus\\OneDrive\\Desktop\\WalMart\\backend","execPath":"C:\\Program Files\\nodejs\\node.exe","version":"v24.12.0","argv":["C:\\Program Files\\nodejs\\node.exe","C:\\Users\\asus\\OneDrive\\Desktop\\WalMart\\backend\\src\\server.js"],"memoryUsage":{"rss":127401984,"heapTotal":75919360,"heapUsed":56458440,"external":23963385,"arrayBuffers":20215466}},"os":{"loadavg":[0,0,0],"uptime":26917.515},"trace":[{"column":16,"file":"node:net","function":"Server.setupListenHandle [as _listen2]","line":1940,"method":"setupListenHandle [as _listen2]","native":false},{"column":12,"file":"node:net","function":"listenInCluster","line":1997,"method":null,"native":false},{"column":7,"file":"node:net","function":"Server.listen","line":2102,"method":"listen","native":false},{"column":10,"file":"C:\\Users\\asus\\OneDrive\\Desktop\\WalMart\\backend\\src\\server.js","function":"startServer","line":39,"method":null,"native":false},{"column":5,"file":"node:internal/process/task_queues","function":"process.processTicksAndRejections","line":103,"method":"processTicksAndRejections","native":false}],"service":"walmart-api"}
2026-04-21 18:39:52 [ERROR]: uncaughtException: listen EADDRINUSE: address already in use :::5000
Error: listen EADDRINUSE: address already in use :::5000
    at Server.setupListenHandle [as _listen2] (node:net:1940:16)
    at listenInCluster (node:net:1997:12)
    at Server.listen (node:net:2102:7)
    at startServer (C:\Users\asus\OneDrive\Desktop\WalMart\backend\src\server.js:39:10)
    at process.processTicksAndRejections (node:internal/process/task_queues:103:5)
Error: listen EADDRINUSE: address already in use :::5000
    at Server.setupListenHandle [as _listen2] (node:net:1940:16)
    at listenInCluster (node:net:1997:12)
    at Server.listen (node:net:2102:7)
    at startServer (C:\Users\asus\OneDrive\Desktop\WalMart\backend\src\server.js:39:10)
    at process.processTicksAndRejections (node:internal/process/task_queues:103:5) {"error":{"code":"EADDRINUSE","errno":-4091,"syscall":"listen","address":"::","port":5000},"exception":true,"date":"Tue Apr 21 2026 18:39:52 GMT+0530 (India Standard Time)","process":{"pid":20604,"uid":null,"gid":null,"cwd":"C:\\Users\\asus\\OneDrive\\Desktop\\WalMart\\backend","execPath":"C:\\Program Files\\nodejs\\node.exe","version":"v24.12.0","argv":["C:\\Program Files\\nodejs\\node.exe","C:\\Users\\asus\\OneDrive\\Desktop\\WalMart\\backend\\src\\server.js"],"memoryUsage":{"rss":131399680,"heapTotal":111906816,"heapUsed":48667256,"external":23755228,"arrayBuffers":20007309}},"os":{"loadavg":[0,0,0],"uptime":26958.656},"trace":[{"column":16,"file":"node:net","function":"Server.setupListenHandle [as _listen2]","line":1940,"method":"setupListenHandle [as _listen2]","native":false},{"column":12,"file":"node:net","function":"listenInCluster","line":1997,"method":null,"native":false},{"column":7,"file":"node:net","function":"Server.listen","line":2102,"method":"listen","native":false},{"column":10,"file":"C:\\Users\\asus\\OneDrive\\Desktop\\WalMart\\backend\\src\\server.js","function":"startServer","line":39,"method":null,"native":false},{"column":5,"file":"node:internal/process/task_queues","function":"process.processTicksAndRejections","line":103,"method":"processTicksAndRejections","native":false}],"service":"walmart-api"}
2026-04-21 18:41:20 [ERROR]: uncaughtException: listen EADDRINUSE: address already in use :::5000
Error: listen EADDRINUSE: address already in use :::5000
    at Server.setupListenHandle [as _listen2] (node:net:1940:16)
    at listenInCluster (node:net:1997:12)
    at Server.listen (node:net:2102:7)
    at startServer (C:\Users\asus\OneDrive\Desktop\WalMart\backend\src\server.js:39:10)
    at process.processTicksAndRejections (node:internal/process/task_queues:103:5)
Error: listen EADDRINUSE: address already in use :::5000
    at Server.setupListenHandle [as _listen2] (node:net:1940:16)
    at listenInCluster (node:net:1997:12)
    at Server.listen (node:net:2102:7)
    at startServer (C:\Users\asus\OneDrive\Desktop\WalMart\backend\src\server.js:39:10)
    at process.processTicksAndRejections (node:internal/process/task_queues:103:5) {"error":{"code":"EADDRINUSE","errno":-4091,"syscall":"listen","address":"::","port":5000},"exception":true,"date":"Tue Apr 21 2026 18:41:20 GMT+0530 (India Standard Time)","process":{"pid":19608,"uid":null,"gid":null,"cwd":"C:\\Users\\asus\\OneDrive\\Desktop\\WalMart\\backend","execPath":"C:\\Program Files\\nodejs\\node.exe","version":"v24.12.0","argv":["C:\\Program Files\\nodejs\\node.exe","C:\\Users\\asus\\OneDrive\\Desktop\\WalMart\\backend\\src\\server.js"],"memoryUsage":{"rss":131338240,"heapTotal":112168960,"heapUsed":48706952,"external":23755228,"arrayBuffers":20007309}},"os":{"loadavg":[0,0,0],"uptime":27046.296},"trace":[{"column":16,"file":"node:net","function":"Server.setupListenHandle [as _listen2]","line":1940,"method":"setupListenHandle [as _listen2]","native":false},{"column":12,"file":"node:net","function":"listenInCluster","line":1997,"method":null,"native":false},{"column":7,"file":"node:net","function":"Server.listen","line":2102,"method":"listen","native":false},{"column":10,"file":"C:\\Users\\asus\\OneDrive\\Desktop\\WalMart\\backend\\src\\server.js","function":"startServer","line":39,"method":null,"native":false},{"column":5,"file":"node:internal/process/task_queues","function":"process.processTicksAndRejections","line":103,"method":"processTicksAndRejections","native":false}],"service":"walmart-api"}
2026-04-21 18:42:07 [ERROR]: uncaughtException: listen EADDRINUSE: address already in use :::5000
Error: listen EADDRINUSE: address already in use :::5000
    at Server.setupListenHandle [as _listen2] (node:net:1940:16)
    at listenInCluster (node:net:1997:12)
    at Server.listen (node:net:2102:7)
    at startServer (C:\Users\asus\OneDrive\Desktop\WalMart\backend\src\server.js:39:10)
    at process.processTicksAndRejections (node:internal/process/task_queues:103:5)
Error: listen EADDRINUSE: address already in use :::5000
    at Server.setupListenHandle [as _listen2] (node:net:1940:16)
    at listenInCluster (node:net:1997:12)
    at Server.listen (node:net:2102:7)
    at startServer (C:\Users\asus\OneDrive\Desktop\WalMart\backend\src\server.js:39:10)
    at process.processTicksAndRejections (node:internal/process/task_queues:103:5) {"error":{"code":"EADDRINUSE","errno":-4091,"syscall":"listen","address":"::","port":5000},"exception":true,"date":"Tue Apr 21 2026 18:42:07 GMT+0530 (India Standard Time)","process":{"pid":21928,"uid":null,"gid":null,"cwd":"C:\\Users\\asus\\OneDrive\\Desktop\\WalMart\\backend","execPath":"C:\\Program Files\\nodejs\\node.exe","version":"v24.12.0","argv":["C:\\Program Files\\nodejs\\node.exe","C:\\Users\\asus\\OneDrive\\Desktop\\WalMart\\backend\\src\\server.js"],"memoryUsage":{"rss":131252224,"heapTotal":111644672,"heapUsed":48674552,"external":23755228,"arrayBuffers":20007309}},"os":{"loadavg":[0,0,0],"uptime":27093.578},"trace":[{"column":16,"file":"node:net","function":"Server.setupListenHandle [as _listen2]","line":1940,"method":"setupListenHandle [as _listen2]","native":false},{"column":12,"file":"node:net","function":"listenInCluster","line":1997,"method":null,"native":false},{"column":7,"file":"node:net","function":"Server.listen","line":2102,"method":"listen","native":false},{"column":10,"file":"C:\\Users\\asus\\OneDrive\\Desktop\\WalMart\\backend\\src\\server.js","function":"startServer","line":39,"method":null,"native":false},{"column":5,"file":"node:internal/process/task_queues","function":"process.processTicksAndRejections","line":103,"method":"processTicksAndRejections","native":false}],"service":"walmart-api"}
2026-04-21 18:42:25 [ERROR]: uncaughtException: listen EADDRINUSE: address already in use :::5000
Error: listen EADDRINUSE: address already in use :::5000
    at Server.setupListenHandle [as _listen2] (node:net:1940:16)
    at listenInCluster (node:net:1997:12)
    at Server.listen (node:net:2102:7)
    at startServer (C:\Users\asus\OneDrive\Desktop\WalMart\backend\src\server.js:39:10)
    at process.processTicksAndRejections (node:internal/process/task_queues:103:5)
Error: listen EADDRINUSE: address already in use :::5000
    at Server.setupListenHandle [as _listen2] (node:net:1940:16)
    at listenInCluster (node:net:1997:12)
    at Server.listen (node:net:2102:7)
    at startServer (C:\Users\asus\OneDrive\Desktop\WalMart\backend\src\server.js:39:10)
    at process.processTicksAndRejections (node:internal/process/task_queues:103:5) {"error":{"code":"EADDRINUSE","errno":-4091,"syscall":"listen","address":"::","port":5000},"exception":true,"date":"Tue Apr 21 2026 18:42:25 GMT+0530 (India Standard Time)","process":{"pid":22404,"uid":null,"gid":null,"cwd":"C:\\Users\\asus\\OneDrive\\Desktop\\WalMart\\backend","execPath":"C:\\Program Files\\nodejs\\node.exe","version":"v24.12.0","argv":["C:\\Program Files\\nodejs\\node.exe","C:\\Users\\asus\\OneDrive\\Desktop\\WalMart\\backend\\src\\server.js"],"memoryUsage":{"rss":126029824,"heapTotal":75132928,"heapUsed":56872520,"external":24083000,"arrayBuffers":20335081}},"os":{"loadavg":[0,0,0],"uptime":27110.828},"trace":[{"column":16,"file":"node:net","function":"Server.setupListenHandle [as _listen2]","line":1940,"method":"setupListenHandle [as _listen2]","native":false},{"column":12,"file":"node:net","function":"listenInCluster","line":1997,"method":null,"native":false},{"column":7,"file":"node:net","function":"Server.listen","line":2102,"method":"listen","native":false},{"column":10,"file":"C:\\Users\\asus\\OneDrive\\Desktop\\WalMart\\backend\\src\\server.js","function":"startServer","line":39,"method":null,"native":false},{"column":5,"file":"node:internal/process/task_queues","function":"process.processTicksAndRejections","line":103,"method":"processTicksAndRejections","native":false}],"service":"walmart-api"}
2026-04-21 19:03:38 [ERROR]: uncaughtException: listen EADDRINUSE: address already in use :::5000
Error: listen EADDRINUSE: address already in use :::5000
    at Server.setupListenHandle [as _listen2] (node:net:1940:16)
    at listenInCluster (node:net:1997:12)
    at Server.listen (node:net:2102:7)
    at startServer (C:\Users\asus\OneDrive\Desktop\WalMart\backend\src\server.js:39:10)
    at process.processTicksAndRejections (node:internal/process/task_queues:103:5)
Error: listen EADDRINUSE: address already in use :::5000
    at Server.setupListenHandle [as _listen2] (node:net:1940:16)
    at listenInCluster (node:net:1997:12)
    at Server.listen (node:net:2102:7)
    at startServer (C:\Users\asus\OneDrive\Desktop\WalMart\backend\src\server.js:39:10)
    at process.processTicksAndRejections (node:internal/process/task_queues:103:5) {"error":{"code":"EADDRINUSE","errno":-4091,"syscall":"listen","address":"::","port":5000},"exception":true,"date":"Tue Apr 21 2026 19:03:38 GMT+0530 (India Standard Time)","process":{"pid":18784,"uid":null,"gid":null,"cwd":"C:\\Users\\asus\\OneDrive\\Desktop\\WalMart\\backend","execPath":"C:\\Program Files\\nodejs\\node.exe","version":"v24.12.0","argv":["C:\\Program Files\\nodejs\\node.exe","C:\\Users\\asus\\OneDrive\\Desktop\\WalMart\\backend\\src\\server.js"],"memoryUsage":{"rss":126464000,"heapTotal":106401792,"heapUsed":52451072,"external":23752371,"arrayBuffers":20008716}},"os":{"loadavg":[0,0,0],"uptime":28384.781},"trace":[{"column":16,"file":"node:net","function":"Server.setupListenHandle [as _listen2]","line":1940,"method":"setupListenHandle [as _listen2]","native":false},{"column":12,"file":"node:net","function":"listenInCluster","line":1997,"method":null,"native":false},{"column":7,"file":"node:net","function":"Server.listen","line":2102,"method":"listen","native":false},{"column":10,"file":"C:\\Users\\asus\\OneDrive\\Desktop\\WalMart\\backend\\src\\server.js","function":"startServer","line":39,"method":null,"native":false},{"column":5,"file":"node:internal/process/task_queues","function":"process.processTicksAndRejections","line":103,"method":"processTicksAndRejections","native":false}],"service":"walmart-api"}
2026-04-21 20:31:27 [ERROR]: uncaughtException: listen EADDRINUSE: address already in use :::5000
Error: listen EADDRINUSE: address already in use :::5000
    at Server.setupListenHandle [as _listen2] (node:net:1940:16)
    at listenInCluster (node:net:1997:12)
    at Server.listen (node:net:2102:7)
    at startServer (C:\Users\asus\OneDrive\Desktop\WalMart\backend\src\server.js:39:10)
    at process.processTicksAndRejections (node:internal/process/task_queues:103:5)
Error: listen EADDRINUSE: address already in use :::5000
    at Server.setupListenHandle [as _listen2] (node:net:1940:16)
    at listenInCluster (node:net:1997:12)
    at Server.listen (node:net:2102:7)
    at startServer (C:\Users\asus\OneDrive\Desktop\WalMart\backend\src\server.js:39:10)
    at process.processTicksAndRejections (node:internal/process/task_queues:103:5) {"error":{"code":"EADDRINUSE","errno":-4091,"syscall":"listen","address":"::","port":5000},"exception":true,"date":"Tue Apr 21 2026 20:31:27 GMT+0530 (India Standard Time)","process":{"pid":20260,"uid":null,"gid":null,"cwd":"C:\\Users\\asus\\OneDrive\\Desktop\\WalMart\\backend","execPath":"C:\\Program Files\\nodejs\\node.exe","version":"v24.12.0","argv":["C:\\Program Files\\nodejs\\node.exe","C:\\Users\\asus\\OneDrive\\Desktop\\WalMart\\backend\\src\\server.js"],"memoryUsage":{"rss":133980160,"heapTotal":111906816,"heapUsed":48616600,"external":23754641,"arrayBuffers":20006722}},"os":{"loadavg":[0,0,0],"uptime":33652.968},"trace":[{"column":16,"file":"node:net","function":"Server.setupListenHandle [as _listen2]","line":1940,"method":"setupListenHandle [as _listen2]","native":false},{"column":12,"file":"node:net","function":"listenInCluster","line":1997,"method":null,"native":false},{"column":7,"file":"node:net","function":"Server.listen","line":2102,"method":"listen","native":false},{"column":10,"file":"C:\\Users\\asus\\OneDrive\\Desktop\\WalMart\\backend\\src\\server.js","function":"startServer","line":39,"method":null,"native":false},{"column":5,"file":"node:internal/process/task_queues","function":"process.processTicksAndRejections","line":103,"method":"processTicksAndRejections","native":false}],"service":"walmart-api"}
